<?xml version="1.0" encoding="UTF-8"?>
<!-- Generated by org.testng.reporters.JUnitXMLReporter -->
<testsuite hostname="admin-PC" ignored="17" name="Default test" tests="1" failures="1" timestamp="10 May 2019 07:11:00 GMT" time="16.622" errors="0">
  <testcase name="TC_Staff_sett_02" time="16.016" classname="com.ingenio.eprashasan.english.full.testsuits.development.Staff">
    <failure/>
  </testcase> <!-- TC_Staff_sett_02 -->
  <testcase name="TC_Staff_sett_27" time="0.0" classname="com.ingenio.eprashasan.english.full.testsuits.development.Staff">
    <ignored/>
  </testcase> <!-- TC_Staff_sett_27 -->
  <testcase name="TC_Staff_sett_05" time="0.0" classname="com.ingenio.eprashasan.english.full.testsuits.development.Staff">
    <ignored/>
  </testcase> <!-- TC_Staff_sett_05 -->
  <testcase name="TC_Staff_sett_06" time="0.0" classname="com.ingenio.eprashasan.english.full.testsuits.development.Staff">
    <ignored/>
  </testcase> <!-- TC_Staff_sett_06 -->
  <testcase name="TC_Staff_sett_28" time="0.0" classname="com.ingenio.eprashasan.english.full.testsuits.development.Staff">
    <ignored/>
  </testcase> <!-- TC_Staff_sett_28 -->
  <testcase name="TC_Staff_sett_29" time="0.0" classname="com.ingenio.eprashasan.english.full.testsuits.development.Staff">
    <ignored/>
  </testcase> <!-- TC_Staff_sett_29 -->
  <testcase name="TC_Staff_sett_07" time="0.0" classname="com.ingenio.eprashasan.english.full.testsuits.development.Staff">
    <ignored/>
  </testcase> <!-- TC_Staff_sett_07 -->
  <testcase name="TC_Staff_sett_08" time="0.0" classname="com.ingenio.eprashasan.english.full.testsuits.development.Staff">
    <ignored/>
  </testcase> <!-- TC_Staff_sett_08 -->
  <testcase name="TC_Staff_sett_03" time="0.0" classname="com.ingenio.eprashasan.english.full.testsuits.development.Staff">
    <ignored/>
  </testcase> <!-- TC_Staff_sett_03 -->
  <testcase name="TC_Staff_sett_04" time="0.0" classname="com.ingenio.eprashasan.english.full.testsuits.development.Staff">
    <ignored/>
  </testcase> <!-- TC_Staff_sett_04 -->
  <testcase name="TC_Staff_sett_01" time="0.0" classname="com.ingenio.eprashasan.english.full.testsuits.development.Staff">
    <ignored/>
  </testcase> <!-- TC_Staff_sett_01 -->
  <testcase name="TC_Staff_sett_12" time="0.0" classname="com.ingenio.eprashasan.english.full.testsuits.development.Staff">
    <ignored/>
  </testcase> <!-- TC_Staff_sett_12 -->
  <testcase name="TC_Staff_sett_30" time="0.0" classname="com.ingenio.eprashasan.english.full.testsuits.development.Staff">
    <ignored/>
  </testcase> <!-- TC_Staff_sett_30 -->
  <testcase name="TC_Staff_sett_31" time="0.0" classname="com.ingenio.eprashasan.english.full.testsuits.development.Staff">
    <ignored/>
  </testcase> <!-- TC_Staff_sett_31 -->
  <testcase name="TC_Staff_sett_32" time="0.0" classname="com.ingenio.eprashasan.english.full.testsuits.development.Staff">
    <ignored/>
  </testcase> <!-- TC_Staff_sett_32 -->
  <testcase name="TC_Staff_sett_10" time="0.0" classname="com.ingenio.eprashasan.english.full.testsuits.development.Staff">
    <ignored/>
  </testcase> <!-- TC_Staff_sett_10 -->
  <testcase name="TC_Staff_sett_11" time="0.0" classname="com.ingenio.eprashasan.english.full.testsuits.development.Staff">
    <ignored/>
  </testcase> <!-- TC_Staff_sett_11 -->
  <testcase name="TC_Staff_sett_09" time="0.0" classname="com.ingenio.eprashasan.english.full.testsuits.development.Staff">
    <ignored/>
  </testcase> <!-- TC_Staff_sett_09 -->
</testsuite> <!-- Default test -->
